<?xml version="1.0" encoding="UTF-8"?>
<testsuite name="learningspringboot.IssueMangerApplicationTests" tests="1" skipped="0" failures="0" errors="0" timestamp="2016-05-17T15:03:48" hostname="UOS-205716" time="0.001">
  <properties/>
  <testcase name="contextLoads" classname="learningspringboot.IssueMangerApplicationTests" time="0.001"/>
  <system-out><![CDATA[16:03:44.720 [Test worker] DEBUG org.springframework.test.context.junit4.SpringJUnit4ClassRunner - SpringJUnit4ClassRunner constructor called with [class learningspringboot.IssueMangerApplicationTests]
16:03:44.725 [Test worker] DEBUG org.springframework.test.context.BootstrapUtils - Instantiating CacheAwareContextLoaderDelegate from class [org.springframework.test.context.cache.DefaultCacheAwareContextLoaderDelegate]
16:03:44.732 [Test worker] DEBUG org.springframework.test.context.BootstrapUtils - Instantiating BootstrapContext using constructor [public org.springframework.test.context.support.DefaultBootstrapContext(java.lang.Class,org.springframework.test.context.CacheAwareContextLoaderDelegate)]
16:03:44.744 [Test worker] DEBUG org.springframework.test.context.BootstrapUtils - Instantiating TestContextBootstrapper for test class [learningspringboot.IssueMangerApplicationTests] from class [org.springframework.test.context.web.WebTestContextBootstrapper]
16:03:44.763 [Test worker] DEBUG org.springframework.test.context.web.WebTestContextBootstrapper - Found explicit ContextLoader class [org.springframework.boot.test.SpringApplicationContextLoader] for context configuration attributes [ContextConfigurationAttributes@4e7d85a5 declaringClass = 'learningspringboot.IssueMangerApplicationTests', classes = '{class learningspringboot.IssueMangerApplication}', locations = '{}', inheritLocations = true, initializers = '{}', inheritInitializers = true, name = [null], contextLoaderClass = 'org.springframework.boot.test.SpringApplicationContextLoader']
16:03:44.772 [Test worker] DEBUG org.springframework.test.context.support.AbstractContextLoader - Did not detect default resource location for test class [learningspringboot.IssueMangerApplicationTests]: class path resource [learningspringboot/IssueMangerApplicationTests-context.xml] does not exist
16:03:44.773 [Test worker] DEBUG org.springframework.test.context.support.AbstractContextLoader - Did not detect default resource location for test class [learningspringboot.IssueMangerApplicationTests]: class path resource [learningspringboot/IssueMangerApplicationTestsContext.groovy] does not exist
16:03:44.773 [Test worker] INFO org.springframework.test.context.support.AbstractContextLoader - Could not detect default resource locations for test class [learningspringboot.IssueMangerApplicationTests]: no resource found for suffixes {-context.xml, Context.groovy}.
16:03:44.776 [Test worker] DEBUG org.springframework.test.context.support.ActiveProfilesUtils - Could not find an 'annotation declaring class' for annotation type [org.springframework.test.context.ActiveProfiles] and class [learningspringboot.IssueMangerApplicationTests]
16:03:44.779 [Test worker] DEBUG org.springframework.test.context.web.WebTestContextBootstrapper - @TestExecutionListeners is not present for class [learningspringboot.IssueMangerApplicationTests]: using defaults.
16:03:44.787 [Test worker] INFO org.springframework.test.context.web.WebTestContextBootstrapper - Loaded default TestExecutionListener class names from location [META-INF/spring.factories]: [org.springframework.test.context.web.ServletTestExecutionListener, org.springframework.test.context.support.DirtiesContextBeforeModesTestExecutionListener, org.springframework.test.context.support.DependencyInjectionTestExecutionListener, org.springframework.test.context.support.DirtiesContextTestExecutionListener, org.springframework.test.context.transaction.TransactionalTestExecutionListener, org.springframework.test.context.jdbc.SqlScriptsTestExecutionListener]
16:03:44.796 [Test worker] INFO org.springframework.test.context.web.WebTestContextBootstrapper - Could not instantiate TestExecutionListener [org.springframework.test.context.transaction.TransactionalTestExecutionListener]. Specify custom listener classes or make the default listener classes (and their required dependencies) available. Offending class: [org/springframework/transaction/interceptor/TransactionAttributeSource]
16:03:44.797 [Test worker] INFO org.springframework.test.context.web.WebTestContextBootstrapper - Could not instantiate TestExecutionListener [org.springframework.test.context.jdbc.SqlScriptsTestExecutionListener]. Specify custom listener classes or make the default listener classes (and their required dependencies) available. Offending class: [org/springframework/transaction/interceptor/TransactionAttribute]
16:03:44.799 [Test worker] INFO org.springframework.test.context.web.WebTestContextBootstrapper - Using TestExecutionListeners: [org.springframework.test.context.web.ServletTestExecutionListener@11d9150b, org.springframework.test.context.support.DirtiesContextBeforeModesTestExecutionListener@55b76d60, org.springframework.test.context.support.DependencyInjectionTestExecutionListener@56cad5e5, org.springframework.test.context.support.DirtiesContextTestExecutionListener@4e43806d]
16:03:44.801 [Test worker] DEBUG org.springframework.test.annotation.ProfileValueUtils - Retrieved @ProfileValueSourceConfiguration [null] for test class [learningspringboot.IssueMangerApplicationTests]
16:03:44.801 [Test worker] DEBUG org.springframework.test.annotation.ProfileValueUtils - Retrieved ProfileValueSource type [class org.springframework.test.annotation.SystemProfileValueSource] for class [learningspringboot.IssueMangerApplicationTests]
16:03:44.805 [Test worker] DEBUG org.springframework.test.annotation.ProfileValueUtils - Retrieved @ProfileValueSourceConfiguration [null] for test class [learningspringboot.IssueMangerApplicationTests]
16:03:44.805 [Test worker] DEBUG org.springframework.test.annotation.ProfileValueUtils - Retrieved ProfileValueSource type [class org.springframework.test.annotation.SystemProfileValueSource] for class [learningspringboot.IssueMangerApplicationTests]
16:03:44.806 [Test worker] DEBUG org.springframework.test.annotation.ProfileValueUtils - Retrieved @ProfileValueSourceConfiguration [null] for test class [learningspringboot.IssueMangerApplicationTests]
16:03:44.806 [Test worker] DEBUG org.springframework.test.annotation.ProfileValueUtils - Retrieved ProfileValueSource type [class org.springframework.test.annotation.SystemProfileValueSource] for class [learningspringboot.IssueMangerApplicationTests]
16:03:44.808 [Test worker] DEBUG org.springframework.test.context.support.AbstractDirtiesContextTestExecutionListener - Before test class: context [DefaultTestContext@2889de9d testClass = IssueMangerApplicationTests, testInstance = [null], testMethod = [null], testException = [null], mergedContextConfiguration = [WebMergedContextConfiguration@7b8f50b8 testClass = IssueMangerApplicationTests, locations = '{}', classes = '{class learningspringboot.IssueMangerApplication}', contextInitializerClasses = '[]', activeProfiles = '{}', propertySourceLocations = '{}', propertySourceProperties = '{}', resourceBasePath = 'src/main/webapp', contextLoader = 'org.springframework.boot.test.SpringApplicationContextLoader', parent = [null]]], class annotated with @DirtiesContext [false] with mode [null].
16:03:44.809 [Test worker] DEBUG org.springframework.test.annotation.ProfileValueUtils - Retrieved @ProfileValueSourceConfiguration [null] for test class [learningspringboot.IssueMangerApplicationTests]
16:03:44.809 [Test worker] DEBUG org.springframework.test.annotation.ProfileValueUtils - Retrieved ProfileValueSource type [class org.springframework.test.annotation.SystemProfileValueSource] for class [learningspringboot.IssueMangerApplicationTests]
16:03:44.874 [Test worker] DEBUG org.springframework.core.env.StandardEnvironment - Adding [systemProperties] PropertySource with lowest search precedence
16:03:44.877 [Test worker] DEBUG org.springframework.core.env.StandardEnvironment - Adding [systemEnvironment] PropertySource with lowest search precedence
16:03:44.877 [Test worker] DEBUG org.springframework.core.env.StandardEnvironment - Initialized StandardEnvironment with PropertySources [systemProperties,systemEnvironment]
16:03:44.879 [Test worker] DEBUG org.springframework.core.env.StandardEnvironment - Adding [integrationTest] PropertySource with search precedence immediately lower than [systemEnvironment]

  .   ____          _            __ _ _
 /\\ / ___'_ __ _ _(_)_ __  __ _ \ \ \ \
( ( )\___ | '_ | '_| | '_ \/ _` | \ \ \ \
 \\/  ___)| |_)| | | | | || (_| |  ) ) ) )
  '  |____| .__|_| |_|_| |_\__, | / / / /
 =========|_|==============|___/=/_/_/_/
 :: Spring Boot ::        (v1.3.5.RELEASE)

2016-05-17 16:03:45.178  INFO 7196 --- [    Test worker] l.IssueMangerApplicationTests            : Starting IssueMangerApplicationTests on UOS-205716 with PID 7196 (C:\workspace_tm\issuemanager\build\classes\test started by tm1c14 in C:\workspace_tm\issuemanager)
2016-05-17 16:03:45.180  INFO 7196 --- [    Test worker] l.IssueMangerApplicationTests            : No active profile set, falling back to default profiles: default
2016-05-17 16:03:45.550  INFO 7196 --- [    Test worker] o.s.w.c.s.GenericWebApplicationContext   : Refreshing org.springframework.web.context.support.GenericWebApplicationContext@1f60ad17: startup date [Tue May 17 16:03:45 BST 2016]; root of context hierarchy
2016-05-17 16:03:46.607  INFO 7196 --- [    Test worker] f.a.AutowiredAnnotationBeanPostProcessor : JSR-330 'javax.inject.Inject' annotation found and supported for autowiring
2016-05-17 16:03:47.666  INFO 7196 --- [    Test worker] s.w.s.m.m.a.RequestMappingHandlerAdapter : Looking for @ControllerAdvice: org.springframework.web.context.support.GenericWebApplicationContext@1f60ad17: startup date [Tue May 17 16:03:45 BST 2016]; root of context hierarchy
2016-05-17 16:03:47.725  INFO 7196 --- [    Test worker] s.w.s.m.m.a.RequestMappingHandlerMapping : Mapped "{[/]}" onto public java.lang.String learningspringboot.IssueController.index(org.springframework.ui.Model)
2016-05-17 16:03:47.727  INFO 7196 --- [    Test worker] s.w.s.m.m.a.RequestMappingHandlerMapping : Mapped "{[/error]}" onto public org.springframework.http.ResponseEntity<java.util.Map<java.lang.String, java.lang.Object>> org.springframework.boot.autoconfigure.web.BasicErrorController.error(javax.servlet.http.HttpServletRequest)
2016-05-17 16:03:47.728  INFO 7196 --- [    Test worker] s.w.s.m.m.a.RequestMappingHandlerMapping : Mapped "{[/error],produces=[text/html]}" onto public org.springframework.web.servlet.ModelAndView org.springframework.boot.autoconfigure.web.BasicErrorController.errorHtml(javax.servlet.http.HttpServletRequest,javax.servlet.http.HttpServletResponse)
2016-05-17 16:03:47.753  INFO 7196 --- [    Test worker] o.s.w.s.handler.SimpleUrlHandlerMapping  : Mapped URL path [/webjars/**] onto handler of type [class org.springframework.web.servlet.resource.ResourceHttpRequestHandler]
2016-05-17 16:03:47.753  INFO 7196 --- [    Test worker] o.s.w.s.handler.SimpleUrlHandlerMapping  : Mapped URL path [/**] onto handler of type [class org.springframework.web.servlet.resource.ResourceHttpRequestHandler]
2016-05-17 16:03:47.786  INFO 7196 --- [    Test worker] o.s.w.s.handler.SimpleUrlHandlerMapping  : Mapped URL path [/**/favicon.ico] onto handler of type [class org.springframework.web.servlet.resource.ResourceHttpRequestHandler]
2016-05-17 16:03:48.288  INFO 7196 --- [    Test worker] l.IssueMangerApplicationTests            : Started IssueMangerApplicationTests in 3.398 seconds (JVM running for 4.926)
]]></system-out>
  <system-err><![CDATA[]]></system-err>
</testsuite>
